1737220272.619856 client started (25555): version 3.0a, socket /tmp//tmux-1000/default, protocol 8
1737220272.619962 on Linux 5.15.167.4-microsoft-standard-WSL2 #1 SMP Tue Nov 5 00:21:55 UTC 2024; libevent 2.1.11-stable (poll)
1737220272.620011 socket is /tmp//tmux-1000/default
1737220272.620035 trying connect
1737220272.620076 connect failed: No such file or directory
1737220272.620100 lock file is /tmp//tmux-1000/default.lock
1737220272.620258 flock succeeded
1737220272.620278 got lock (7)
1737220272.620298 trying connect
1737220272.620325 connect failed: No such file or directory
1737220272.620813 add peer 0x557360dddd70: 8 ((nil))
1737220272.621224 sending message 100 to peer 0x557360dddd70 (4 bytes)
1737220272.621284 sending message 101 to peer 0x557360dddd70 (15 bytes)
1737220272.621313 sending message 102 to peer 0x557360dddd70 (11 bytes)
1737220272.621323 sending message 108 to peer 0x557360dddd70 (25 bytes)
1737220272.621334 sending message 104 to peer 0x557360dddd70 (0 bytes)
1737220272.621343 sending message 107 to peer 0x557360dddd70 (4 bytes)
1737220272.621351 sending message 105 to peer 0x557360dddd70 (16 bytes)
1737220272.621359 sending message 105 to peer 0x557360dddd70 (13 bytes)
1737220272.621367 sending message 105 to peer 0x557360dddd70 (1708 bytes)
1737220272.621385 sending message 105 to peer 0x557360dddd70 (20 bytes)
1737220272.621393 sending message 105 to peer 0x557360dddd70 (32 bytes)
1737220272.621401 sending message 105 to peer 0x557360dddd70 (11 bytes)
1737220272.621408 sending message 105 to peer 0x557360dddd70 (26 bytes)
1737220272.621416 sending message 105 to peer 0x557360dddd70 (40 bytes)
1737220272.621423 sending message 105 to peer 0x557360dddd70 (24 bytes)
1737220272.621431 sending message 105 to peer 0x557360dddd70 (56 bytes)
1737220272.621438 sending message 105 to peer 0x557360dddd70 (20 bytes)
1737220272.621445 sending message 105 to peer 0x557360dddd70 (21 bytes)
1737220272.621453 sending message 105 to peer 0x557360dddd70 (46 bytes)
1737220272.621460 sending message 105 to peer 0x557360dddd70 (35 bytes)
1737220272.621467 sending message 105 to peer 0x557360dddd70 (8 bytes)
1737220272.621474 sending message 105 to peer 0x557360dddd70 (17 bytes)
1737220272.621481 sending message 105 to peer 0x557360dddd70 (11 bytes)
1737220272.621488 sending message 105 to peer 0x557360dddd70 (14 bytes)
1737220272.621496 sending message 105 to peer 0x557360dddd70 (19 bytes)
1737220272.621503 sending message 105 to peer 0x557360dddd70 (29 bytes)
1737220272.621510 sending message 105 to peer 0x557360dddd70 (54 bytes)
1737220272.621517 sending message 105 to peer 0x557360dddd70 (8 bytes)
1737220272.621524 sending message 105 to peer 0x557360dddd70 (29 bytes)
1737220272.621532 sending message 105 to peer 0x557360dddd70 (19 bytes)
1737220272.621539 sending message 105 to peer 0x557360dddd70 (27 bytes)
1737220272.621546 sending message 105 to peer 0x557360dddd70 (11 bytes)
1737220272.621554 sending message 105 to peer 0x557360dddd70 (8 bytes)
1737220272.621561 sending message 105 to peer 0x557360dddd70 (32 bytes)
1737220272.621569 sending message 105 to peer 0x557360dddd70 (1506 bytes)
1737220272.621586 sending message 105 to peer 0x557360dddd70 (29 bytes)
1737220272.621594 sending message 105 to peer 0x557360dddd70 (16 bytes)
1737220272.621602 sending message 106 to peer 0x557360dddd70 (0 bytes)
1737220272.621610 sending message 200 to peer 0x557360dddd70 (4 bytes)
1737220272.621617 client loop enter
1737220272.728523 peer 0x557360dddd70 message 207
1737220272.728560 sending message 208 to peer 0x557360dddd70 (0 bytes)
1737220277.544947 peer 0x557360dddd70 message 201
1737220277.545012 sending message 205 to peer 0x557360dddd70 (0 bytes)
1737220277.546586 peer 0x557360dddd70 message 204
1737220277.546645 client loop exit
